[I 2025-07-16 18:32:11,513] Trial 0 finished with value: 0.9230485865990031 and parameters: {'k1': 1.0618101782710436, 'b': 0.9655000144869412}. Best is trial 0 with value: 0.9230485865990031.
[I 2025-07-16 18:32:14,005] Trial 1 finished with value: 0.9251979710425168 and parameters: {'k1': 1.5979909127171077, 'b': 0.7190609389379257}. Best is trial 1 with value: 0.9251979710425168.
[I 2025-07-16 18:32:16,393] Trial 2 finished with value: 0.9300393122258107 and parameters: {'k1': 0.7340279606636548, 'b': 0.40919616423534183}. Best is trial 2 with value: 0.9300393122258107.
[I 2025-07-16 18:32:19,008] Trial 3 finished with value: 0.9263424456050879 and parameters: {'k1': 0.5871254182522991, 'b': 0.9063233020424546}. Best is trial 2 with value: 0.9300393122258107.
[I 2025-07-16 18:32:21,926] Trial 4 finished with value: 0.9241991140223119 and parameters: {'k1': 1.4016725176148133, 'b': 0.7956508044572318}. Best is trial 2 with value: 0.9300393122258107.
[I 2025-07-16 18:32:24,068] Trial 5 finished with value: 0.9260289688427457 and parameters: {'k1': 0.5308767414437037, 'b': 0.978936896513396}. Best is trial 2 with value: 0.9300393122258107.
[I 2025-07-16 18:32:26,160] Trial 6 finished with value: 0.9288429986883829 and parameters: {'k1': 1.7486639612006325, 'b': 0.44863737747479326}. Best is trial 2 with value: 0.9300393122258107.
[I 2025-07-16 18:32:28,354] Trial 7 finished with value: 0.9298060721955894 and parameters: {'k1': 0.7727374508106509, 'b': 0.4283831568974037}. Best is trial 2 with value: 0.9300393122258107.
[I 2025-07-16 18:32:30,843] Trial 8 finished with value: 0.9271503244960697 and parameters: {'k1': 0.9563633644393066, 'b': 0.6673295021425665}. Best is trial 2 with value: 0.9300393122258107.
[I 2025-07-16 18:32:33,312] Trial 9 finished with value: 0.9287811009733584 and parameters: {'k1': 1.1479175279631737, 'b': 0.5038603981386294}. Best is trial 2 with value: 0.9300393122258107.
[I 2025-07-16 18:32:35,807] Trial 10 finished with value: 0.9310797939030139 and parameters: {'k1': 1.9177048163455803, 'b': 0.3041980280690721}. Best is trial 10 with value: 0.9310797939030139.
[I 2025-07-16 18:32:38,147] Trial 11 finished with value: 0.9310885251537092 and parameters: {'k1': 1.9543056661817992, 'b': 0.30370798456979436}. Best is trial 11 with value: 0.9310885251537092.
[I 2025-07-16 18:32:40,795] Trial 12 finished with value: 0.9307188055189322 and parameters: {'k1': 1.9758258785972809, 'b': 0.32710763997282805}. Best is trial 11 with value: 0.9310885251537092.
[I 2025-07-16 18:32:43,585] Trial 13 finished with value: 0.9310102876305382 and parameters: {'k1': 1.9806531657922282, 'b': 0.3076248628434314}. Best is trial 11 with value: 0.9310885251537092.
[I 2025-07-16 18:32:46,245] Trial 14 finished with value: 0.9272456251036821 and parameters: {'k1': 1.6966286693442414, 'b': 0.5657229703941564}. Best is trial 11 with value: 0.9310885251537092.
[I 2025-07-16 18:32:48,572] Trial 15 finished with value: 0.927691584901658 and parameters: {'k1': 1.4011344644386017, 'b': 0.5619566097687841}. Best is trial 11 with value: 0.9310885251537092.
[I 2025-07-16 18:32:51,417] Trial 16 finished with value: 0.9301089946035651 and parameters: {'k1': 1.8207872999128474, 'b': 0.36426284110366125}. Best is trial 11 with value: 0.9310885251537092.
[I 2025-07-16 18:32:54,383] Trial 17 finished with value: 0.9280815106291012 and parameters: {'k1': 1.4390323085499703, 'b': 0.5228003750873657}. Best is trial 11 with value: 0.9310885251537092.
[I 2025-07-16 18:32:57,799] Trial 18 finished with value: 0.9310821517482346 and parameters: {'k1': 1.863127154517262, 'b': 0.30292063309272693}. Best is trial 11 with value: 0.9310885251537092.
[I 2025-07-16 18:33:00,394] Trial 19 finished with value: 0.929630918607728 and parameters: {'k1': 1.5608983099833487, 'b': 0.40086388740511525}. Best is trial 11 with value: 0.9310885251537092.
[I 2025-07-16 18:33:02,539] Trial 20 finished with value: 0.9234224001410094 and parameters: {'k1': 1.8278420621084548, 'b': 0.7826756207844494}. Best is trial 11 with value: 0.9310885251537092.
[I 2025-07-16 18:33:04,905] Trial 21 finished with value: 0.9309235769375943 and parameters: {'k1': 1.9962375345881787, 'b': 0.3144706721860146}. Best is trial 11 with value: 0.9310885251537092.
[I 2025-07-16 18:33:07,193] Trial 22 finished with value: 0.928678361276525 and parameters: {'k1': 1.8670491951390438, 'b': 0.4728193293213342}. Best is trial 11 with value: 0.9310885251537092.
[I 2025-07-16 18:33:09,485] Trial 23 finished with value: 0.930083075290948 and parameters: {'k1': 1.6578943756402902, 'b': 0.367104905808412}. Best is trial 11 with value: 0.9310885251537092.
[I 2025-07-16 18:33:11,633] Trial 24 finished with value: 0.9310963500987688 and parameters: {'k1': 1.8846121459369325, 'b': 0.30206716519791893}. Best is trial 24 with value: 0.9310963500987688.
[I 2025-07-16 18:33:13,998] Trial 25 finished with value: 0.9299476348583838 and parameters: {'k1': 1.7837963526645346, 'b': 0.3753062769998459}. Best is trial 24 with value: 0.9310963500987688.
[I 2025-07-16 18:33:16,269] Trial 26 finished with value: 0.926967020073284 and parameters: {'k1': 1.5153221279175193, 'b': 0.6138859011636368}. Best is trial 24 with value: 0.9310963500987688.
[I 2025-07-16 18:33:18,611] Trial 27 finished with value: 0.930187426057246 and parameters: {'k1': 1.2456280904162786, 'b': 0.35977101846934995}. Best is trial 24 with value: 0.9310963500987688.
[I 2025-07-16 18:33:20,840] Trial 28 finished with value: 0.9287466228883482 and parameters: {'k1': 1.6760118769343166, 'b': 0.46886336135509943}. Best is trial 24 with value: 0.9310963500987688.
[I 2025-07-16 18:33:23,060] Trial 29 finished with value: 0.9209504987502583 and parameters: {'k1': 1.883674019063614, 'b': 0.9157297487085586}. Best is trial 24 with value: 0.9310963500987688.
[I 2025-07-16 18:33:25,504] Trial 30 finished with value: 0.9297638604540707 and parameters: {'k1': 1.0015041307761932, 'b': 0.41572598091228213}. Best is trial 24 with value: 0.9310963500987688.
[I 2025-07-16 18:33:27,851] Trial 31 finished with value: 0.9306902861226259 and parameters: {'k1': 1.8832689126500124, 'b': 0.3302274840036773}. Best is trial 24 with value: 0.9310963500987688.
[I 2025-07-16 18:33:30,779] Trial 32 finished with value: 0.9310394381743912 and parameters: {'k1': 1.9232332405723003, 'b': 0.30626833748101834}. Best is trial 24 with value: 0.9310963500987688.
[I 2025-07-16 18:33:34,716] Trial 33 finished with value: 0.9311014701349597 and parameters: {'k1': 1.767251806794338, 'b': 0.3011494671562838}. Best is trial 33 with value: 0.9311014701349597.
[I 2025-07-16 18:33:39,919] Trial 34 finished with value: 0.9295471169971039 and parameters: {'k1': 1.7601081727124401, 'b': 0.39540115153519645}. Best is trial 33 with value: 0.9311014701349597.
[I 2025-07-16 18:33:43,412] Trial 35 finished with value: 0.9300937404745133 and parameters: {'k1': 1.605266925281587, 'b': 0.3579514559419617}. Best is trial 33 with value: 0.9311014701349597.
[I 2025-07-16 18:33:46,230] Trial 36 finished with value: 0.9302480998482888 and parameters: {'k1': 1.50581771390733, 'b': 0.34890185474367164}. Best is trial 33 with value: 0.9311014701349597.
[I 2025-07-16 18:33:48,881] Trial 37 finished with value: 0.9292454786460718 and parameters: {'k1': 1.7258878830689044, 'b': 0.42607423065000327}. Best is trial 33 with value: 0.9311014701349597.
[I 2025-07-16 18:33:51,479] Trial 38 finished with value: 0.925373791823351 and parameters: {'k1': 1.2767705408281642, 'b': 0.7381985473785275}. Best is trial 33 with value: 0.9311014701349597.
[I 2025-07-16 18:33:55,168] Trial 39 finished with value: 0.9289972357663165 and parameters: {'k1': 1.6143518940371684, 'b': 0.4488412540512152}. Best is trial 33 with value: 0.9311014701349597.
[I 2025-07-16 18:33:59,171] Trial 40 finished with value: 0.9279743238285788 and parameters: {'k1': 1.780115122632811, 'b': 0.5062311017586152}. Best is trial 33 with value: 0.9311014701349597.
[I 2025-07-16 18:34:02,944] Trial 41 finished with value: 0.9310321141620349 and parameters: {'k1': 1.9270895160408463, 'b': 0.30632300043827027}. Best is trial 33 with value: 0.9311014701349597.
[I 2025-07-16 18:34:06,238] Trial 42 finished with value: 0.9296689365701393 and parameters: {'k1': 1.9125792280597307, 'b': 0.39020945503353466}. Best is trial 33 with value: 0.9311014701349597.
[I 2025-07-16 18:34:09,747] Trial 43 finished with value: 0.9303706297739187 and parameters: {'k1': 1.8247904960479395, 'b': 0.34417135461822995}. Best is trial 33 with value: 0.9311014701349597.
[I 2025-07-16 18:34:12,714] Trial 44 finished with value: 0.930527299866179 and parameters: {'k1': 1.9986321661980513, 'b': 0.3348989850462872}. Best is trial 33 with value: 0.9311014701349597.
[I 2025-07-16 18:34:15,863] Trial 45 finished with value: 0.9309561456822419 and parameters: {'k1': 0.7912610388128356, 'b': 0.3067983628425517}. Best is trial 33 with value: 0.9311014701349597.
[I 2025-07-16 18:34:19,697] Trial 46 finished with value: 0.9216283251445819 and parameters: {'k1': 1.94352056039637, 'b': 0.8571074333255011}. Best is trial 33 with value: 0.9311014701349597.
[I 2025-07-16 18:34:22,840] Trial 47 finished with value: 0.9311293095373528 and parameters: {'k1': 1.833306339035504, 'b': 0.3000843692671696}. Best is trial 47 with value: 0.9311293095373528.
[I 2025-07-16 18:34:26,178] Trial 48 finished with value: 0.9291954279047735 and parameters: {'k1': 1.7135032958296261, 'b': 0.43875230071766425}. Best is trial 47 with value: 0.9311293095373528.
[I 2025-07-16 18:34:29,287] Trial 49 finished with value: 0.9295633032900233 and parameters: {'k1': 1.855186278678272, 'b': 0.4007941935623956}. Best is trial 47 with value: 0.9311293095373528.
Best hyperparameters: {'k1': 1.833306339035504, 'b': 0.3000843692671696}
Best NDCG score: 0.9311293095373528
