[32m[I 2025-07-21 17:07:26,602][0m Trial 0 finished with value: 0.8876739103738162 and parameters: {'k1': 1.0618101782710436, 'b': 0.9655000144869412}. Best is trial 0 with value: 0.8876739103738162.[0m
[32m[I 2025-07-21 17:07:28,004][0m Trial 1 finished with value: 0.8905906488495335 and parameters: {'k1': 1.5979909127171077, 'b': 0.7190609389379257}. Best is trial 1 with value: 0.8905906488495335.[0m
[32m[I 2025-07-21 17:07:29,363][0m Trial 2 finished with value: 0.8973031415573032 and parameters: {'k1': 0.7340279606636548, 'b': 0.40919616423534183}. Best is trial 2 with value: 0.8973031415573032.[0m
[32m[I 2025-07-21 17:07:30,715][0m Trial 3 finished with value: 0.8919318920149875 and parameters: {'k1': 0.5871254182522991, 'b': 0.9063233020424546}. Best is trial 2 with value: 0.8973031415573032.[0m
[32m[I 2025-07-21 17:07:32,128][0m Trial 4 finished with value: 0.8892949245339333 and parameters: {'k1': 1.4016725176148133, 'b': 0.7956508044572318}. Best is trial 2 with value: 0.8973031415573032.[0m
[32m[I 2025-07-21 17:07:33,549][0m Trial 5 finished with value: 0.8915092812769626 and parameters: {'k1': 0.5308767414437037, 'b': 0.978936896513396}. Best is trial 2 with value: 0.8973031415573032.[0m
[32m[I 2025-07-21 17:07:34,965][0m Trial 6 finished with value: 0.8956140856789954 and parameters: {'k1': 1.7486639612006325, 'b': 0.44863737747479326}. Best is trial 2 with value: 0.8973031415573032.[0m
[32m[I 2025-07-21 17:07:36,464][0m Trial 7 finished with value: 0.8970102564032391 and parameters: {'k1': 0.7727374508106509, 'b': 0.4283831568974037}. Best is trial 2 with value: 0.8973031415573032.[0m
[32m[I 2025-07-21 17:07:38,053][0m Trial 8 finished with value: 0.8930688722986663 and parameters: {'k1': 0.9563633644393066, 'b': 0.6673295021425665}. Best is trial 2 with value: 0.8973031415573032.[0m
[32m[I 2025-07-21 17:07:39,540][0m Trial 9 finished with value: 0.8952851304367302 and parameters: {'k1': 1.1479175279631737, 'b': 0.5038603981386294}. Best is trial 2 with value: 0.8973031415573032.[0m
[32m[I 2025-07-21 17:07:40,932][0m Trial 10 finished with value: 0.8984780563492807 and parameters: {'k1': 1.9177048163455803, 'b': 0.3041980280690721}. Best is trial 10 with value: 0.8984780563492807.[0m
[32m[I 2025-07-21 17:07:42,334][0m Trial 11 finished with value: 0.898468709255634 and parameters: {'k1': 1.9543056661817992, 'b': 0.30370798456979436}. Best is trial 10 with value: 0.8984780563492807.[0m
[32m[I 2025-07-21 17:07:43,697][0m Trial 12 finished with value: 0.8980984228328865 and parameters: {'k1': 1.9758258785972809, 'b': 0.32710763997282805}. Best is trial 10 with value: 0.8984780563492807.[0m
[32m[I 2025-07-21 17:07:45,067][0m Trial 13 finished with value: 0.8984225067039013 and parameters: {'k1': 1.9806531657922282, 'b': 0.3076248628434314}. Best is trial 10 with value: 0.8984780563492807.[0m
[32m[I 2025-07-21 17:07:46,457][0m Trial 14 finished with value: 0.8934448193646534 and parameters: {'k1': 1.6966286693442414, 'b': 0.5657229703941564}. Best is trial 10 with value: 0.8984780563492807.[0m
[32m[I 2025-07-21 17:07:47,826][0m Trial 15 finished with value: 0.8939468909461618 and parameters: {'k1': 1.4011344644386017, 'b': 0.5619566097687841}. Best is trial 10 with value: 0.8984780563492807.[0m
[32m[I 2025-07-21 17:07:49,336][0m Trial 16 finished with value: 0.897299019669878 and parameters: {'k1': 1.8207872999128474, 'b': 0.36426284110366125}. Best is trial 10 with value: 0.8984780563492807.[0m
[32m[I 2025-07-21 17:07:50,782][0m Trial 17 finished with value: 0.8944865343167948 and parameters: {'k1': 1.4390323085499703, 'b': 0.5228003750873657}. Best is trial 10 with value: 0.8984780563492807.[0m
[32m[I 2025-07-21 17:07:52,276][0m Trial 18 finished with value: 0.8985105686153679 and parameters: {'k1': 1.863127154517262, 'b': 0.30292063309272693}. Best is trial 18 with value: 0.8985105686153679.[0m
[32m[I 2025-07-21 17:07:53,687][0m Trial 19 finished with value: 0.8966449105163797 and parameters: {'k1': 1.540709013971084, 'b': 0.40086388740511525}. Best is trial 18 with value: 0.8985105686153679.[0m
[32m[I 2025-07-21 17:07:55,077][0m Trial 20 finished with value: 0.8883061959235141 and parameters: {'k1': 1.8265912562729274, 'b': 0.7826756207844494}. Best is trial 18 with value: 0.8985105686153679.[0m
[32m[I 2025-07-21 17:07:56,484][0m Trial 21 finished with value: 0.8983235725899542 and parameters: {'k1': 1.9962375345881787, 'b': 0.3144706721860146}. Best is trial 18 with value: 0.8985105686153679.[0m
[32m[I 2025-07-21 17:07:57,883][0m Trial 22 finished with value: 0.8953371069538951 and parameters: {'k1': 1.8670491951390438, 'b': 0.4728193293213342}. Best is trial 18 with value: 0.8985105686153679.[0m
[32m[I 2025-07-21 17:07:59,279][0m Trial 23 finished with value: 0.8972196480272109 and parameters: {'k1': 1.6578943756402902, 'b': 0.367104905808412}. Best is trial 18 with value: 0.8985105686153679.[0m
[32m[I 2025-07-21 17:08:00,691][0m Trial 24 finished with value: 0.8985365222750701 and parameters: {'k1': 1.8846121459369325, 'b': 0.30206716519791893}. Best is trial 24 with value: 0.8985365222750701.[0m
[32m[I 2025-07-21 17:08:02,199][0m Trial 25 finished with value: 0.8970946690414545 and parameters: {'k1': 1.7837963526645346, 'b': 0.3753062769998459}. Best is trial 24 with value: 0.8985365222750701.[0m
[32m[I 2025-07-21 17:08:03,659][0m Trial 26 finished with value: 0.8929440853880408 and parameters: {'k1': 1.5153221279175193, 'b': 0.6137516750333745}. Best is trial 24 with value: 0.8985365222750701.[0m
[32m[I 2025-07-21 17:08:05,107][0m Trial 27 finished with value: 0.897383468744825 and parameters: {'k1': 1.2456280904162786, 'b': 0.3597607976428782}. Best is trial 24 with value: 0.8985365222750701.[0m
[32m[I 2025-07-21 17:08:06,517][0m Trial 28 finished with value: 0.8953462943104574 and parameters: {'k1': 1.893099640831871, 'b': 0.46886336135509943}. Best is trial 24 with value: 0.8985365222750701.[0m
[32m[I 2025-07-21 17:08:07,953][0m Trial 29 finished with value: 0.8854100134076338 and parameters: {'k1': 1.6927324494652625, 'b': 0.9157297487085586}. Best is trial 24 with value: 0.8985365222750701.[0m
[32m[I 2025-07-21 17:08:09,370][0m Trial 30 finished with value: 0.8967908926816239 and parameters: {'k1': 1.0015041307761932, 'b': 0.415696399644617}. Best is trial 24 with value: 0.8985365222750701.[0m
[32m[I 2025-07-21 17:08:10,753][0m Trial 31 finished with value: 0.8980191551955613 and parameters: {'k1': 1.8832689126500124, 'b': 0.3302274840036773}. Best is trial 24 with value: 0.8985365222750701.[0m
[32m[I 2025-07-21 17:08:12,143][0m Trial 32 finished with value: 0.8984120735276508 and parameters: {'k1': 1.9232332405723003, 'b': 0.30626833748101834}. Best is trial 24 with value: 0.8985365222750701.[0m
[32m[I 2025-07-21 17:08:13,543][0m Trial 33 finished with value: 0.8985347642136235 and parameters: {'k1': 1.767251806794338, 'b': 0.3011494671562838}. Best is trial 24 with value: 0.8985365222750701.[0m
[32m[I 2025-07-21 17:08:14,898][0m Trial 34 finished with value: 0.8966183334206073 and parameters: {'k1': 1.7595676171462666, 'b': 0.39540115153519645}. Best is trial 24 with value: 0.8985365222750701.[0m
[32m[I 2025-07-21 17:08:16,273][0m Trial 35 finished with value: 0.8973104557133134 and parameters: {'k1': 1.605266925281587, 'b': 0.3579514559419617}. Best is trial 24 with value: 0.8985365222750701.[0m
[32m[I 2025-07-21 17:08:17,680][0m Trial 36 finished with value: 0.8974122620444304 and parameters: {'k1': 1.617673390696144, 'b': 0.34890185474367164}. Best is trial 24 with value: 0.8985365222750701.[0m
[32m[I 2025-07-21 17:08:19,050][0m Trial 37 finished with value: 0.8961822811382607 and parameters: {'k1': 1.737129377479219, 'b': 0.42604027486734436}. Best is trial 24 with value: 0.8985365222750701.[0m
[32m[I 2025-07-21 17:08:20,446][0m Trial 38 finished with value: 0.890301096797849 and parameters: {'k1': 1.5142755255613884, 'b': 0.7381985473785275}. Best is trial 24 with value: 0.8985365222750701.[0m
[32m[I 2025-07-21 17:08:21,829][0m Trial 39 finished with value: 0.8957609514760555 and parameters: {'k1': 1.85626922690948, 'b': 0.4488412540512152}. Best is trial 24 with value: 0.8985365222750701.[0m
[32m[I 2025-07-21 17:08:23,247][0m Trial 40 finished with value: 0.8944397142467283 and parameters: {'k1': 1.780115122632811, 'b': 0.5062311017586152}. Best is trial 24 with value: 0.8985365222750701.[0m
[32m[I 2025-07-21 17:08:24,645][0m Trial 41 finished with value: 0.8984050132955446 and parameters: {'k1': 1.9270895160408463, 'b': 0.30632300043827027}. Best is trial 24 with value: 0.8985365222750701.[0m
[32m[I 2025-07-21 17:08:26,038][0m Trial 42 finished with value: 0.8977246992306399 and parameters: {'k1': 1.9926416444014445, 'b': 0.33918813344262155}. Best is trial 24 with value: 0.8985365222750701.[0m
[32m[I 2025-07-21 17:08:27,397][0m Trial 43 finished with value: 0.8968040302563519 and parameters: {'k1': 1.9205210553949699, 'b': 0.3870908841145662}. Best is trial 24 with value: 0.8985365222750701.[0m
[32m[I 2025-07-21 17:08:28,812][0m Trial 44 finished with value: 0.8979424762956723 and parameters: {'k1': 1.8229536517132705, 'b': 0.3348989850462872}. Best is trial 24 with value: 0.8985365222750701.[0m
[32m[I 2025-07-21 17:08:30,324][0m Trial 45 finished with value: 0.8985868347488194 and parameters: {'k1': 0.7912610388128356, 'b': 0.3067983628425517}. Best is trial 45 with value: 0.8985868347488194.[0m
[32m[I 2025-07-21 17:08:31,744][0m Trial 46 finished with value: 0.8909460046382303 and parameters: {'k1': 0.8068879455720448, 'b': 0.8571074333255011}. Best is trial 45 with value: 0.8985868347488194.[0m
[32m[I 2025-07-21 17:08:33,195][0m Trial 47 finished with value: 0.8987673765144014 and parameters: {'k1': 0.6647823877053336, 'b': 0.3000838331628094}. Best is trial 47 with value: 0.8987673765144014.[0m
[32m[I 2025-07-21 17:08:34,625][0m Trial 48 finished with value: 0.8972258564056423 and parameters: {'k1': 0.6203424209464267, 'b': 0.43875199657027936}. Best is trial 47 with value: 0.8987673765144014.[0m
[32m[I 2025-07-21 17:08:36,058][0m Trial 49 finished with value: 0.8980264299509795 and parameters: {'k1': 0.6987905540136049, 'b': 0.33926286619176127}. Best is trial 47 with value: 0.8987673765144014.[0m
Best hyperparameters: {'k1': 0.6647823877053336, 'b': 0.3000838331628094}
Best NDCG score: 0.8987673765144014
